<?xml version="1.0" encoding="UTF-8"?>
<!DOCTYPE mydtd SYSTEM "https://test.com/test.dtd">
<data>test</data>